<?xml version="1.0" encoding="utf-8"?><testsuites name="pytest tests"><testsuite name="pytest" errors="0" failures="3" skipped="10" tests="93" time="70.981" timestamp="2025-11-04T04:40:20.490971-05:00" hostname="pop-os"><testcase classname="test.integration.modules.test_sfp_4chan.TestSfp4chanIntegration" name="test_integration_event_emission" time="1.109" /><testcase classname="test.integration.modules.test_sfp_4chan.TestSfp4chanIntegration" name="test_integration_network_error" time="0.105" /><testcase classname="test.integration.modules.test_sfp__stor_db.TestModuleIntegration_stor_db" name="test_handleEvent" time="0.295" /><testcase classname="test.integration.modules.test_sfp__stor_elasticsearch.TestModuleIntegration_stor_elasticsearch" name="test_handleEvent" time="0.291" /><testcase classname="test.integration.modules.test_sfp__stor_stdout.TestModuleIntegration_stor_stdout" name="test_handleEvent" time="0.289" /><testcase classname="test.integration.modules.test_sfp_abstractapi.TestModuleIntegrationAbstractapi" name="test_handleEvent" time="0.291" /><testcase classname="test.integration.modules.test_sfp_abusech.TestModuleIntegrationAbusech" name="test_handleEvent_api_error" time="0.695" /><testcase classname="test.integration.modules.test_sfp_abusech.TestModuleIntegrationAbusech" name="test_handleEvent_benign_ip" time="0.169" /><testcase classname="test.integration.modules.test_sfp_abusech.TestModuleIntegrationAbusech" name="test_handleEvent_invalid_target" time="0.164" /><testcase classname="test.integration.modules.test_sfp_abusech.TestModuleIntegrationAbusech" name="test_handleEvent_malicious_ip" time="0.163" /><testcase classname="test.integration.modules.test_sfp_abuseipdb.TestModuleIntegrationAbuseIPDB" name="test_handleEvent_malicious_ip" time="1.109" /><testcase classname="test.integration.modules.test_sfp_accounts.TestModuleIntegrationAccounts" name="test_handleEvent_with_accounts" time="0.607" /><testcase classname="test.integration.modules.test_sfp_adblock.TestModuleIntegrationAdblock" name="test_handleEvent_event_data_external_url_matching_ad_filter_should_return_event" time="0.102" /><testcase classname="test.integration.modules.test_sfp_adblock.TestModuleIntegrationAdblock" name="test_handleEvent_event_data_external_url_not_matching_ad_filter_should_not_return_event" time="0.105" /><testcase classname="test.integration.modules.test_sfp_adblock.TestModuleIntegrationAdblock" name="test_handleEvent_event_data_provider_javascript_url_matching_ad_filter_should_return_event" time="0.103" /><testcase classname="test.integration.modules.test_sfp_adguard_dns.TestModuleIntegrationAdGuardDns" name="test_handleEvent_event_data_adult_internet_name_blocked_should_return_event" time="0.104" /><testcase classname="test.integration.modules.test_sfp_adguard_dns.TestModuleIntegrationAdGuardDns" name="test_handleEvent_event_data_safe_internet_name_not_blocked_should_not_return_event" time="0.135" /><testcase classname="test.integration.modules.test_sfp_ahmia.TestModuleIntegrationAhmia" name="test_handleEvent" time="0.103" /><testcase classname="test.integration.modules.test_sfp_ai_summary.IntegrationTestAISummary" name="test_integration_summary" time="0.289" /><testcase classname="test.integration.modules.test_sfp_alienvault.TestModuleIntegrationalienvault" name="test_handleEvent" time="0.103" /><testcase classname="test.integration.modules.test_sfp_alienvaultiprep.TestModuleIntegrationAlienvaultiprep" name="test_handleEvent" time="0.295" /><testcase classname="test.integration.modules.test_sfp_aparat.TestSfpAparatIntegration" name="test_handle_event_emits_video_events_for_multiple_users" time="0.103" /><testcase classname="test.integration.modules.test_sfp_aparat.TestSfpAparatIntegration" name="test_handle_event_no_videos_for_any_user" time="0.102" /><testcase classname="test.integration.modules.test_sfp_aparat.TestSfpAparatIntegration" name="test_produced_event_type" time="0.103" /><testcase classname="test.integration.modules.test_sfp_apileak.IntegrationTestAPILLeak" name="test_integration_leak" time="0.301" /><testcase classname="test.integration.modules.test_sfp_apple_itunes.TestModuleIntegrationAppleItunes" name="test_handleEvent" time="0.287" /><testcase classname="test.integration.modules.test_sfp_arbitrum" name="test_produced_event_type" time="0.101" /><testcase classname="test.integration.modules.test_sfp_arbitrum" name="test_handle_event_stub" time="0.259" /><testcase classname="test.integration.modules.test_sfp_arbitrum" name="test_setup_requires_api_key" time="0.102" /><testcase classname="test.integration.modules.test_sfp_arbitrum" name="test_setup_requires_addresses" time="0.102" /><testcase classname="test.integration.modules.test_sfp_archiveorg.TestModuleIntegrationarchiveorg" name="test_handleEvent" time="0.289" /><testcase classname="test.integration.modules.test_sfp_arin.TestModuleIntegrationarin" name="test_handleEvent" time="0.107" /><testcase classname="test.integration.modules.test_sfp_azureblobstorage.TestModuleIntegrationazureblobstorage" name="test_handleEvent" time="0.628" /><testcase classname="test.integration.modules.test_sfp_bambenek.TestModuleIntegrationBambenek" name="test_module_produces_events" time="0.335" /><testcase classname="test.integration.modules.test_sfp_bgpview.TestModuleIntegrationBgpview" name="test_handleEvent" time="0.290" /><testcase classname="test.integration.modules.test_sfp_binaryedge.TestModuleIntegrationBinaryedge" name="test_handleEvent" time="0.103" /><testcase classname="test.integration.modules.test_sfp_bingsearch.TestModuleIntegrationbingsearch" name="test_handleEvent" time="0.105" /><testcase classname="test.integration.modules.test_sfp_bingsharedip.TestModuleIntegrationbingsharedip" name="test_handleEvent" time="0.294" /><testcase classname="test.integration.modules.test_sfp_bitcoinwhoswho.TestModuleIntegrationBitcoinwhoswho" name="test_handleEvent" time="0.287" /><testcase classname="test.integration.modules.test_sfp_blockchain.TestModuleIntegrationBlockchain" name="test_handleEvent" time="0.102" /><testcase classname="test.integration.modules.test_sfp_blocklistde.TestModuleIntegrationBlocklistde" name="test_handleEvent" time="0.287" /><testcase classname="test.integration.modules.test_sfp_bluesky" name="test_produced_event_type" time="0.101" /><testcase classname="test.integration.modules.test_sfp_bluesky" name="test_handle_event_stub" time="0.102" /><testcase classname="test.integration.modules.test_sfp_bluesky" name="test_setup_requires_access_token" time="0.106" /><testcase classname="test.integration.modules.test_sfp_bluesky" name="test_setup_requires_username" time="0.101" /><testcase classname="test.integration.modules.test_sfp_bnb.TestSfpBnbIntegration" name="test_handle_event_stub" time="0.102" /><testcase classname="test.integration.modules.test_sfp_bnb.TestSfpBnbIntegration" name="test_produced_event_type" time="0.102" /><testcase classname="test.integration.modules.test_sfp_botscout.TestModuleIntegrationBotscout" name="test_handleEvent_email_positive" time="0.102" /><testcase classname="test.integration.modules.test_sfp_botscout.TestModuleIntegrationBotscout" name="test_handleEvent_ip_positive" time="0.102" /><testcase classname="test.integration.modules.test_sfp_botvrij.TestModuleIntegrationBotvrij" name="test_handleEvent_internet_name_blacklisted" time="0.102" /><testcase classname="test.integration.modules.test_sfp_builtwith.TestModuleIntegrationBuiltwith" name="test_handleEvent_domain_name" time="0.102" /><testcase classname="test.integration.modules.test_sfp_c99.TestModuleIntegrationC99" name="test_handleEvent_malicious_ip" time="0.104" /><testcase classname="test.integration.modules.test_sfp_callername.TestModuleIntegrationcallername" name="test_handleEvent_us_number_malicious" time="1.106" /><testcase classname="test.integration.modules.test_sfp_censys.TestModuleIntegrationCensys" name="test_handleEvent_ip_address" time="0.108" /><testcase classname="test.integration.modules.test_sfp_certspotter.TestModuleIntegrationCertspotter" name="test_handleEvent_domain_name" time="0.107" /><testcase classname="test.integration.modules.test_sfp_cinsscore.TestModuleIntegrationCinsscore" name="test_handleEvent_ip_address_blacklisted" time="0.103" /><testcase classname="test.integration.modules.test_sfp_circllu.TestModuleIntegrationCircllu" name="test_handleEvent_ip_address_cohosted" time="0.106" /><testcase classname="test.integration.modules.test_sfp_cisco_umbrella.TestSFPCiscoUmbrella" name="test_events" time="0.294" /><testcase classname="test.integration.modules.test_sfp_cisco_umbrella.TestSFPCiscoUmbrella" name="test_handleEvent_api_key_invalid" time="1.299" /><testcase classname="test.integration.modules.test_sfp_cisco_umbrella.TestSFPCiscoUmbrella" name="test_handleEvent_domain_found" time="1.285"><failure message="AssertionError: 'CO_HOSTED_SITE' not found in ['RAW_RIR_DATA']">self = &lt;test.integration.modules.test_sfp_cisco_umbrella.TestSFPCiscoUmbrella testMethod=test_handleEvent_domain_found&gt;
mock_fetch = &lt;MagicMock name='fetchUrl' id='137539275027280'&gt;

    @patch('spiderfoot.sflib.SpiderFoot.fetchUrl')
    def test_handleEvent_domain_found(self, mock_fetch):
        module = sfp_cisco_umbrella()
        module.__name__ = "sfp_cisco_umbrella"
        module.setup(self.sf, {'api_key': 'API_KEY', '_fetchtimeout': 30})
        evt = SpiderFootEvent("DOMAIN_NAME", "google.com",
                              self.__class__.__name__, None)
        mock_fetch.return_value = {'code': 200, 'content': '{"domain": "google.com", "data": [{"categories": ["Search Engine"], "cohosted_sites": ["site1.com"], "geos": ["US"], "ips": ["8.8.8.8"], "registrar": "Registrar Inc.", "whois": "whois data"}] }'}
        # Patch notifyListeners to avoid side effects
        module.notifyListeners = MagicMock()
        # Set the target to avoid TypeError
        if hasattr(module, 'setTarget'):
            module.setTarget(SpiderFootTarget(evt.data, "INTERNET_NAME"))
        else:
            module._currentTarget = SpiderFootTarget(evt.data, "INTERNET_NAME")
        result = module.handleEvent(evt)
        self.assertIsNone(result)  # handleEvent() does not return any value
        # Check that notifyListeners was called for each event type
        calls = [call[0][0].eventType for call in module.notifyListeners.call_args_list]
        self.assertIn("RAW_RIR_DATA", calls)
&gt;       self.assertIn("CO_HOSTED_SITE", calls)
E       AssertionError: 'CO_HOSTED_SITE' not found in ['RAW_RIR_DATA']

test/integration/modules/test_sfp_cisco_umbrella.py:139: AssertionError</failure></testcase><testcase classname="test.integration.modules.test_sfp_cisco_umbrella.TestSFPCiscoUmbrella" name="test_handleEvent_domain_not_found" time="1.284" /><testcase classname="test.integration.modules.test_sfp_cisco_umbrella.TestSFPCiscoUmbrella" name="test_handleEvent_no_api_key" time="1.288" /><testcase classname="test.integration.modules.test_sfp_cisco_umbrella.TestSFPCiscoUmbrella" name="test_query_api_key_invalid" time="0.283" /><testcase classname="test.integration.modules.test_sfp_cisco_umbrella.TestSFPCiscoUmbrella" name="test_query_domain_found" time="1.292"><failure message="AssertionError: None is not an instance of &lt;class 'dict'&gt;">self = &lt;test.integration.modules.test_sfp_cisco_umbrella.TestSFPCiscoUmbrella testMethod=test_query_domain_found&gt;
mock_fetch = &lt;MagicMock name='fetchUrl' id='137539189437456'&gt;

    @patch('spiderfoot.sflib.SpiderFoot.fetchUrl')
    def test_query_domain_found(self, mock_fetch):
        module = sfp_cisco_umbrella()
        module.sf = self.sf
        module.opts['api_key'] = 'API_KEY'
        mock_fetch.return_value = {'code': 200, 'content': '{"domain": "google.com", "data": [{"categories": ["Search Engine"], "cohosted_sites": ["site1.com"], "geos": ["US"], "ips": ["8.8.8.8"], "registrar": "Registrar Inc.", "whois": "whois data"}] }'}
        result = module.query('google.com')
&gt;       self.assertIsInstance(result, dict)
E       AssertionError: None is not an instance of &lt;class 'dict'&gt;

test/integration/modules/test_sfp_cisco_umbrella.py:75: AssertionError</failure></testcase><testcase classname="test.integration.modules.test_sfp_cisco_umbrella.TestSFPCiscoUmbrella" name="test_query_domain_not_found" time="1.287"><failure message="AssertionError: None != {'domain': 'thisdomaindoesnotexist.com', 'data': None}">self = &lt;test.integration.modules.test_sfp_cisco_umbrella.TestSFPCiscoUmbrella testMethod=test_query_domain_not_found&gt;
mock_fetch = &lt;MagicMock name='fetchUrl' id='137539437373648'&gt;

    @patch('spiderfoot.sflib.SpiderFoot.fetchUrl')
    def test_query_domain_not_found(self, mock_fetch):
        module = sfp_cisco_umbrella()
        module.sf = self.sf
        module.opts['api_key'] = 'API_KEY'
        mock_fetch.return_value = {'code': 200, 'content': '{"domain": "thisdomaindoesnotexist.com", "data": null}'}
        result = module.query('thisdomaindoesnotexist.com')
&gt;       self.assertEqual(result, {'domain': 'thisdomaindoesnotexist.com', 'data': None})
E       AssertionError: None != {'domain': 'thisdomaindoesnotexist.com', 'data': None}

test/integration/modules/test_sfp_cisco_umbrella.py:66: AssertionError</failure></testcase><testcase classname="test.integration.modules.test_sfp_citadel.TestModuleIntegrationcitadel" name="test_handleEvent_emailaddr_compromised" time="0.102" /><testcase classname="test.integration.modules.test_sfp_cleanbrowsing.TestModuleIntegrationcleanbrowsing" name="test_handleEvent_event_data_adult_internet_name_blocked_should_return_event" time="0.104" /><testcase classname="test.integration.modules.test_sfp_cleanbrowsing.TestModuleIntegrationcleanbrowsing" name="test_handleEvent_event_data_safe_internet_name_not_blocked_should_not_return_event" time="0.102" /><testcase classname="test.integration.modules.test_sfp_cleantalk.TestModuleIntegrationcleantalk" name="test_handleEvent_event_data_safe_ip_address_not_blocked_should_not_return_event" time="0.458" /><testcase classname="test.integration.modules.test_sfp_cloudflaredns.TestModuleIntegrationCloudflaredns" name="test_handleEvent_blocked_domain" time="0.104" /><testcase classname="test.integration.modules.test_sfp_cloudflaredns.TestModuleIntegrationCloudflaredns" name="test_handleEvent_safe_domain" time="0.103" /><testcase classname="test.integration.modules.test_sfp_cloudfront.TestModuleIntegrationCloudfront" name="test_handleEvent_cloudfront_cname" time="0.102" /><testcase classname="test.integration.modules.test_sfp_cloudfront.TestModuleIntegrationCloudfront" name="test_handleEvent_cloudfront_headers" time="0.103" /><testcase classname="test.integration.modules.test_sfp_coinblocker.TestModuleIntegrationCoinblocker" name="test_handleEvent" time="0.102"><skipped type="pytest.skip" message="todo">/stuff/spiderfoot/test/integration/modules/test_sfp_coinblocker.py:23: todo</skipped></testcase><testcase classname="test.integration.modules.test_sfp_commoncrawl.TestModuleIntegrationcommoncrawl" name="test_handleEvent" time="0.101"><skipped type="pytest.skip" message="todo">/stuff/spiderfoot/test/integration/modules/test_sfp_commoncrawl.py:23: todo</skipped></testcase><testcase classname="test.integration.modules.test_sfp_comodo.TestModuleIntegrationcomodo" name="test_handleEvent_event_data_blocked_should_return_event" time="0.102" /><testcase classname="test.integration.modules.test_sfp_comodo.TestModuleIntegrationcomodo" name="test_handleEvent_event_data_safe_internet_name_not_blocked_should_not_return_event" time="0.105" /><testcase classname="test.integration.modules.test_sfp_criminalip.TestModuleIntegrationCriminalip" name="test_handleEvent_api_error" time="0.288" /><testcase classname="test.integration.modules.test_sfp_criminalip.TestModuleIntegrationCriminalip" name="test_handleEvent_domain" time="0.291" /><testcase classname="test.integration.modules.test_sfp_criminalip.TestModuleIntegrationCriminalip" name="test_handleEvent_ip" time="0.296" /><testcase classname="test.integration.modules.test_sfp_criminalip.TestModuleIntegrationCriminalip" name="test_handleEvent_phone" time="0.286" /><testcase classname="test.integration.modules.test_sfp_criminalip.TestModuleIntegrationCriminalip" name="test_handleEvent_rate_limit" time="0.294" /><testcase classname="test.integration.modules.test_sfp_criminalip.TestModuleIntegrationCriminalip" name="test_queryCriminalIP" time="0.295" /><testcase classname="test.integration.modules.test_sfp_crobat_api.TestModuleIntegrationCrobat_api" name="test_handleEvent" time="0.101"><skipped type="pytest.skip" message="todo">/stuff/spiderfoot/test/integration/modules/test_sfp_crobat_api.py:23: todo</skipped></testcase><testcase classname="test.integration.modules.test_sfp_crossref.TestModuleIntegrationCrossref" name="test_handleEvent" time="0.101"><skipped type="pytest.skip" message="todo">/stuff/spiderfoot/test/integration/modules/test_sfp_crossref.py:23: todo</skipped></testcase><testcase classname="test.integration.modules.test_sfp_crt.TestModuleIntegrationCrt" name="test_handleEvent" time="0.102"><skipped type="pytest.skip" message="todo">/stuff/spiderfoot/test/integration/modules/test_sfp_crt.py:23: todo</skipped></testcase><testcase classname="test.integration.modules.test_sfp_crxcavator.TestModuleIntegrationCrxcavator" name="test_handleEvent" time="0.103"><skipped type="pytest.skip" message="todo">/stuff/spiderfoot/test/integration/modules/test_sfp_crxcavator.py:23: todo</skipped></testcase><testcase classname="test.integration.modules.test_sfp_customfeed.TestModuleIntegrationCustomfeed" name="test_handleEvent" time="0.101"><skipped type="pytest.skip" message="todo">/stuff/spiderfoot/test/integration/modules/test_sfp_customfeed.py:23: todo</skipped></testcase><testcase classname="test.integration.modules.test_sfp_cybercrimetracker.TestModuleIntegrationCybercrimetracker" name="test_handleEvent" time="0.101"><skipped type="pytest.skip" message="todo">/stuff/spiderfoot/test/integration/modules/test_sfp_cybercrimetracker.py:23: todo</skipped></testcase><testcase classname="test.integration.modules.test_sfp_debounce.TestModuleIntegrationDebounce" name="test_handleEvent" time="0.102"><skipped type="pytest.skip" message="todo">/stuff/spiderfoot/test/integration/modules/test_sfp_debounce.py:23: todo</skipped></testcase><testcase classname="test.integration.modules.test_sfp_dehashed.TestModuleIntegrationDehashed" name="test_handleEvent" time="0.101"><skipped type="pytest.skip" message="todo">/stuff/spiderfoot/test/integration/modules/test_sfp_dehashed.py:23: todo</skipped></testcase><testcase classname="test.integration.modules.test_sfp_dideo.TestSfpDideoIntegration" name="test_handle_event_emits_event" time="0.106" /><testcase classname="test.integration.modules.test_sfp_dideo.TestSfpDideoIntegration" name="test_produced_event_type" time="0.102" /><testcase time="0.001" /></testsuite></testsuites>